<?xml version="1.0" encoding="UTF-8"?>
<!-- Generated by org.testng.reporters.JUnitReportReporter -->
<testsuite skipped="0" hostname="meldas-MacBook-Pro.local" name="scripts.Amazon_Test" tests="2" failures="0" timestamp="2022-08-28T07:57:52 CDT" time="29.364" errors="0">
  <testcase name="TestAmazonHomePage" time="8.720" classname="scripts.Amazon_Test"/>
  <system-out/>
  <testcase name="TestTV_Appliances_Electronics" time="20.644" classname="scripts.Amazon_Test"/>
  <system-out/>
</testsuite> <!-- scripts.Amazon_Test -->
