<?xml version="1.0" encoding="UTF-8"?>
<!-- Generated by org.testng.reporters.JUnitReportReporter -->
<testsuite skipped="0" hostname="meldas-MacBook-Pro.local" name="scripts.Amazon_Test" tests="2" failures="0" timestamp="2022-08-27T22:56:26 CDT" time="28.445" errors="0">
  <testcase name="TestAmazonHomePage" time="9.327" classname="scripts.Amazon_Test"/>
  <system-out/>
  <testcase name="TestTV_Appliances_Electronics" time="19.118" classname="scripts.Amazon_Test"/>
  <system-out/>
</testsuite> <!-- scripts.Amazon_Test -->
